2024-05-13T22:31:26.842+03:00  INFO 2448 --- [libraryManagement] [main] c.l.l.LibraryManagementApplication       : Starting LibraryManagementApplication using Java 17.0.8.1 with PID 2448 (C:\Users\radwa\OneDrive\Desktop\open source RADWA\MaidsTask\libraryManagement\libraryManagement\target\classes started by radwa in C:\Users\radwa\OneDrive\Desktop\open source RADWA\MaidsTask\libraryManagement\libraryManagement)
2024-05-13T22:31:26.844+03:00  INFO 2448 --- [libraryManagement] [main] c.l.l.LibraryManagementApplication       : No active profile set, falling back to 1 default profile: "default"
2024-05-13T22:31:27.795+03:00  INFO 2448 --- [libraryManagement] [main] .s.d.r.c.RepositoryConfigurationDelegate : Bootstrapping Spring Data JPA repositories in DEFAULT mode.
2024-05-13T22:31:27.883+03:00  INFO 2448 --- [libraryManagement] [main] .s.d.r.c.RepositoryConfigurationDelegate : Finished Spring Data repository scanning in 77 ms. Found 4 JPA repository interfaces.
2024-05-13T22:31:28.525+03:00  INFO 2448 --- [libraryManagement] [main] o.s.b.w.embedded.tomcat.TomcatWebServer  : Tomcat initialized with port 8080 (http)
2024-05-13T22:31:28.540+03:00  INFO 2448 --- [libraryManagement] [main] o.apache.catalina.core.StandardService   : Starting service [Tomcat]
2024-05-13T22:31:28.540+03:00  INFO 2448 --- [libraryManagement] [main] o.apache.catalina.core.StandardEngine    : Starting Servlet engine: [Apache Tomcat/10.1.20]
2024-05-13T22:31:28.604+03:00  INFO 2448 --- [libraryManagement] [main] o.a.c.c.C.[Tomcat].[localhost].[/]       : Initializing Spring embedded WebApplicationContext
2024-05-13T22:31:28.605+03:00  INFO 2448 --- [libraryManagement] [main] w.s.c.ServletWebServerApplicationContext : Root WebApplicationContext: initialization completed in 1711 ms
2024-05-13T22:31:28.702+03:00  INFO 2448 --- [libraryManagement] [main] com.zaxxer.hikari.HikariDataSource       : HikariPool-1 - Starting...
2024-05-13T22:31:28.929+03:00  INFO 2448 --- [libraryManagement] [main] com.zaxxer.hikari.pool.HikariPool        : HikariPool-1 - Added connection org.postgresql.jdbc.PgConnection@2ad7bd26
2024-05-13T22:31:28.931+03:00  INFO 2448 --- [libraryManagement] [main] com.zaxxer.hikari.HikariDataSource       : HikariPool-1 - Start completed.
2024-05-13T22:31:29.058+03:00  INFO 2448 --- [libraryManagement] [main] o.hibernate.jpa.internal.util.LogHelper  : HHH000204: Processing PersistenceUnitInfo [name: default]
2024-05-13T22:31:29.187+03:00  INFO 2448 --- [libraryManagement] [main] org.hibernate.Version                    : HHH000412: Hibernate ORM core version 6.4.4.Final
2024-05-13T22:31:29.245+03:00  INFO 2448 --- [libraryManagement] [main] o.h.c.internal.RegionFactoryInitiator    : HHH000026: Second-level cache disabled
2024-05-13T22:31:29.565+03:00  INFO 2448 --- [libraryManagement] [main] o.s.o.j.p.SpringPersistenceUnitInfo      : No LoadTimeWeaver setup: ignoring JPA class transformer
2024-05-13T22:31:30.665+03:00  INFO 2448 --- [libraryManagement] [main] o.h.e.t.j.p.i.JtaPlatformInitiator       : HHH000489: No JTA platform available (set 'hibernate.transaction.jta.platform' to enable JTA platform integration)
2024-05-13T22:31:30.782+03:00  INFO 2448 --- [libraryManagement] [main] j.LocalContainerEntityManagerFactoryBean : Initialized JPA EntityManagerFactory for persistence unit 'default'
2024-05-13T22:31:31.356+03:00  WARN 2448 --- [libraryManagement] [main] JpaBaseConfiguration$JpaWebConfiguration : spring.jpa.open-in-view is enabled by default. Therefore, database queries may be performed during view rendering. Explicitly configure spring.jpa.open-in-view to disable this warning
2024-05-13T22:31:31.676+03:00  INFO 2448 --- [libraryManagement] [main] o.s.s.web.DefaultSecurityFilterChain     : Will secure any request with [org.springframework.security.web.session.DisableEncodeUrlFilter@34d644b5, org.springframework.security.web.context.request.async.WebAsyncManagerIntegrationFilter@276b68af, org.springframework.security.web.context.SecurityContextHolderFilter@1d921267, org.springframework.security.web.header.HeaderWriterFilter@900ffc4, org.springframework.web.filter.CorsFilter@50915d5, org.springframework.security.web.authentication.logout.LogoutFilter@2dedde74, com.libraryManagement.libraryManagement.securityConfig.JwtAuthenticationFilter@55a29589, org.springframework.security.web.savedrequest.RequestCacheAwareFilter@684a34f4, org.springframework.security.web.servletapi.SecurityContextHolderAwareRequestFilter@52ec5ba6, org.springframework.security.web.authentication.AnonymousAuthenticationFilter@63661fc7, org.springframework.security.web.session.SessionManagementFilter@3eb7ff78, org.springframework.security.web.access.ExceptionTranslationFilter@10b36d8a, org.springframework.security.web.access.intercept.AuthorizationFilter@668ea404]
2024-05-13T22:31:32.018+03:00  INFO 2448 --- [libraryManagement] [main] o.s.b.w.embedded.tomcat.TomcatWebServer  : Tomcat started on port 8080 (http) with context path ''
2024-05-13T22:31:32.029+03:00  INFO 2448 --- [libraryManagement] [main] c.l.l.LibraryManagementApplication       : Started LibraryManagementApplication in 5.693 seconds (process running for 6.729)
2024-05-13T22:31:32.797+03:00  INFO 2448 --- [libraryManagement] [http-nio-8080-exec-3] o.a.c.c.C.[Tomcat].[localhost].[/]       : Initializing Spring DispatcherServlet 'dispatcherServlet'
2024-05-13T22:31:32.798+03:00  INFO 2448 --- [libraryManagement] [http-nio-8080-exec-3] o.s.web.servlet.DispatcherServlet        : Initializing Servlet 'dispatcherServlet'
2024-05-13T22:31:32.798+03:00  INFO 2448 --- [libraryManagement] [http-nio-8080-exec-3] o.s.web.servlet.DispatcherServlet        : Completed initialization in 0 ms
2024-05-13T22:31:32.818+03:00 DEBUG 2448 --- [libraryManagement] [http-nio-8080-exec-3] o.s.security.web.FilterChainProxy        : Securing GET /api/books?pageSize=100&pageIndex=0
2024-05-13T22:31:33.053+03:00 DEBUG 2448 --- [libraryManagement] [http-nio-8080-exec-3] org.hibernate.SQL                        : select u1_0.id,u1_0.password,u1_0.username from user_credentials u1_0 where u1_0.username=?
2024-05-13T22:31:33.086+03:00 DEBUG 2448 --- [libraryManagement] [http-nio-8080-exec-3] o.s.security.web.FilterChainProxy        : Secured GET /api/books?pageSize=100&pageIndex=0
2024-05-13T22:31:33.141+03:00 DEBUG 2448 --- [libraryManagement] [http-nio-8080-exec-3] org.hibernate.SQL                        : select b1_0.id,b1_0.isbn,b1_0.author,b1_0.available,b1_0.publication_year,b1_0.title from books b1_0 offset ? rows fetch first ? rows only
2024-05-13T22:31:43.801+03:00 DEBUG 2448 --- [libraryManagement] [http-nio-8080-exec-2] o.s.security.web.FilterChainProxy        : Securing GET /api/books?pageSize=100&pageIndex=0
2024-05-13T22:31:43.806+03:00 DEBUG 2448 --- [libraryManagement] [http-nio-8080-exec-2] org.hibernate.SQL                        : select u1_0.id,u1_0.password,u1_0.username from user_credentials u1_0 where u1_0.username=?
2024-05-13T22:31:43.815+03:00 DEBUG 2448 --- [libraryManagement] [http-nio-8080-exec-2] o.s.security.web.FilterChainProxy        : Secured GET /api/books?pageSize=100&pageIndex=0
2024-05-13T22:31:52.686+03:00 DEBUG 2448 --- [libraryManagement] [http-nio-8080-exec-4] o.s.security.web.FilterChainProxy        : Securing GET /api/books?pageSize=100&pageIndex=0
2024-05-13T22:31:52.687+03:00 DEBUG 2448 --- [libraryManagement] [http-nio-8080-exec-4] o.s.s.w.a.AnonymousAuthenticationFilter  : Set SecurityContextHolder to anonymous SecurityContext
2024-05-13T22:31:52.688+03:00 DEBUG 2448 --- [libraryManagement] [http-nio-8080-exec-4] o.s.s.w.session.SessionManagementFilter  : Request requested invalid session id 15C3B0A3E32689CD17ECD0AB564B0229
2024-05-13T22:31:52.689+03:00 DEBUG 2448 --- [libraryManagement] [http-nio-8080-exec-4] o.s.s.w.a.Http403ForbiddenEntryPoint     : Pre-authenticated entry point called. Rejecting access
2024-05-13T22:31:52.706+03:00 DEBUG 2448 --- [libraryManagement] [http-nio-8080-exec-4] o.s.security.web.FilterChainProxy        : Securing GET /error?pageSize=100&pageIndex=0
2024-05-13T22:31:52.707+03:00 DEBUG 2448 --- [libraryManagement] [http-nio-8080-exec-4] o.s.s.w.a.AnonymousAuthenticationFilter  : Set SecurityContextHolder to anonymous SecurityContext
2024-05-13T22:31:52.707+03:00 DEBUG 2448 --- [libraryManagement] [http-nio-8080-exec-4] o.s.s.w.a.Http403ForbiddenEntryPoint     : Pre-authenticated entry point called. Rejecting access
2024-05-13T22:31:55.832+03:00 DEBUG 2448 --- [libraryManagement] [http-nio-8080-exec-5] o.s.security.web.FilterChainProxy        : Securing GET /api/books?pageSize=100&pageIndex=0
2024-05-13T22:31:55.837+03:00 DEBUG 2448 --- [libraryManagement] [http-nio-8080-exec-5] org.hibernate.SQL                        : select u1_0.id,u1_0.password,u1_0.username from user_credentials u1_0 where u1_0.username=?
2024-05-13T22:31:55.844+03:00 DEBUG 2448 --- [libraryManagement] [http-nio-8080-exec-5] o.s.security.web.FilterChainProxy        : Secured GET /api/books?pageSize=100&pageIndex=0
2024-05-13T22:32:29.602+03:00 DEBUG 2448 --- [libraryManagement] [http-nio-8080-exec-6] o.s.security.web.FilterChainProxy        : Securing GET /api/boolks?pageSize=100&pageIndex=0
2024-05-13T22:32:29.606+03:00 DEBUG 2448 --- [libraryManagement] [http-nio-8080-exec-6] org.hibernate.SQL                        : select u1_0.id,u1_0.password,u1_0.username from user_credentials u1_0 where u1_0.username=?
2024-05-13T22:32:29.612+03:00 DEBUG 2448 --- [libraryManagement] [http-nio-8080-exec-6] o.s.security.web.FilterChainProxy        : Secured GET /api/boolks?pageSize=100&pageIndex=0
2024-05-13T22:32:29.619+03:00  INFO 2448 --- [libraryManagement] [http-nio-8080-exec-6] c.l.l.exceptions.AppExceptionsHandler    : xxxxxxxxx   Exception : : : No static resource api/boolks.
